[     239ms] [ERROR] Failed to load resource: the server responded with a status of 403 (Forbidden) @ https://www-jstor-org.ezproxy.ugm.ac.id/stable/26591760:0
[    1747ms] [LOG] %c EvalError
    at pG (https://client.px-cloud.net/PXu4K0s8nX/main.min.js:2:69831)
    at rI (https://client.px-cloud.net/PXu4K0s8nX/main.min.js:2:75460)
    at KY (https://client.px-cloud.net/PXu4K0s8nX/main.min.js:2:234987)
    at KW (https://client.px-cloud.net/PXu4K0s8nX/main.min.js:2:234605)
    at https://client.px-cloud.net/PXu4K0s8nX/main.min.js:2:236329
    at https://client.px-cloud.net/PXu4K0s8nX/main.min.js:2:236335
    at https://client.px-cloud.net/PXu4K0s8nX/main.min.js:2:236800 @ https://client.px-cloud.net/PXu4K0s8nX/main.min.js:1
[   16112ms] [LOG] %c EvalError
    at pG (https://www-jstor-org.ezproxy.ugm.ac.id/u4K0s8nX/init.js:2:69831)
    at rI (https://www-jstor-org.ezproxy.ugm.ac.id/u4K0s8nX/init.js:2:75460)
    at KY (https://www-jstor-org.ezproxy.ugm.ac.id/u4K0s8nX/init.js:2:234987)
    at KW (https://www-jstor-org.ezproxy.ugm.ac.id/u4K0s8nX/init.js:2:234605)
    at https://www-jstor-org.ezproxy.ugm.ac.id/u4K0s8nX/init.js:2:236329
    at https://www-jstor-org.ezproxy.ugm.ac.id/u4K0s8nX/init.js:2:236335
    at https://www-jstor-org.ezproxy.ugm.ac.id/u4K0s8nX/init.js:2:236800 @ https://www-jstor-org.ezproxy.ugm.ac.id/u4K0s8nX/init.js:1
[   16187ms] [WARNING] Error monitoring has already been initialized. @ https://www-jstor-org.ezproxy.ugm.ac.id/assets/excelsior_20250409T170207/build/excelsior/js/content-viewer.min.js:1
[   17590ms] [WARNING] Error monitoring has already been initialized. @ https://www-jstor-org.ezproxy.ugm.ac.id/mfe-copper-roof/header/400df7e5/ithaka-sentry-monitoring_2_5_1.2548da0420554fe47192.js:0
[   19413ms] [WARNING] Must provide flagList argument. @ https://www-jstor-org.ezproxy.ugm.ac.id/mfe-copper-roof/access-workflow/8e13cdaf/src_styles_index_scss-src_plugins_loggerPlugin_ts-src_sentry_ts-src_types_Flags_ts-src_compon-9cf5ba.642b5a4936ea762dac6b.js:7
[   19575ms] [WARNING] The resource https://www-jstor-org.ezproxy.ugm.ac.id/mfe-registry-service/public/mfe/save-to-workspace/remoteEntry/path/ was preloaded using link preload but not used within a few seconds from the window's load event. Please make sure it has an appropriate `as` value and it is preloaded intentionally. @ https://www-jstor-org.ezproxy.ugm.ac.id/stable/26591760:0
[   19576ms] [WARNING] The resource https://www-jstor-org.ezproxy.ugm.ac.id/mfe-registry-service/public/mfe/citation/remoteEntry/path/ was preloaded using link preload but not used within a few seconds from the window's load event. Please make sure it has an appropriate `as` value and it is preloaded intentionally. @ https://www-jstor-org.ezproxy.ugm.ac.id/stable/26591760:0
[   19576ms] [WARNING] The resource https://www-jstor-org.ezproxy.ugm.ac.id/mfe-registry-service/public/mfe/download/remoteEntry/path/ was preloaded using link preload but not used within a few seconds from the window's load event. Please make sure it has an appropriate `as` value and it is preloaded intentionally. @ https://www-jstor-org.ezproxy.ugm.ac.id/stable/26591760:0
[   29885ms] [LOG] Warning: Setting up fake worker. @ https://www-jstor-org.ezproxy.ugm.ac.id/mfe-copper-roof/pdf-content-viewer/197f4e4e/pdfjs-dist_4_10_38.9e540931816e5b5a3c15.js:1
