[    4006ms] [LOG] CMPL All Scripts:  Cadmore All Scripts. @ https://play.cadmore.media/js/CADMORE_ALL_JS.js:1
[    4007ms] [LOG] CMPL ALL: Root Url -- https://play.cadmore.media @ https://play.cadmore.media/js/CADMORE_ALL_JS.js:18
[    4007ms] [LOG] CMPL All Scripts:  EMBED.js not detected.  Adding... @ https://play.cadmore.media/js/CADMORE_ALL_JS.js:33
[    4007ms] [LOG] CMPL All Scripts:  GALLERY_V2.js not detected.  Adding... @ https://play.cadmore.media/js/CADMORE_ALL_JS.js:44
[    4007ms] [LOG] CMPL All Scripts:  PLAYLIST_V2.js not detected.  Adding... @ https://play.cadmore.media/js/CADMORE_ALL_JS.js:55
[    4008ms] [LOG] CMPL All Scripts:  POPUP.js not detected.  Adding... @ https://play.cadmore.media/js/CADMORE_ALL_JS.js:66
[    4008ms] [LOG] CMPL All Scripts:  GALLERYEMBED_HOST.js not detected.  Adding... @ https://play.cadmore.media/js/CADMORE_ALL_JS.js:77
[    4023ms] [LOG] JQMIGRATE: Migrate is installed, version 3.1.0 @ https://emer.silverchair-cdn.com/Themes/Silver/app/vendor/v-639102489972463725/jquery-migrate-3.1.0.min.js:1
[    4618ms] TypeError: Cannot read properties of null (reading 'removeAttribute')
    at <anonymous>:1:41
    at f.ba (https://www.googletagmanager.com/gtm.js?id=GTM-W9XTGPJQ:240:229)
    at f.ka (https://www.googletagmanager.com/gtm.js?id=GTM-W9XTGPJQ:239:427)
    at f.Y (https://www.googletagmanager.com/gtm.js?id=GTM-W9XTGPJQ:237:407)
    at f.F (https://www.googletagmanager.com/gtm.js?id=GTM-W9XTGPJQ:235:445)
    at f.write (https://www.googletagmanager.com/gtm.js?id=GTM-W9XTGPJQ:235:70)
    at f (https://www.googletagmanager.com/gtm.js?id=GTM-W9XTGPJQ:242:215)
    at e (https://www.googletagmanager.com/gtm.js?id=GTM-W9XTGPJQ:241:279)
    at q.streams (https://www.googletagmanager.com/gtm.js?id=GTM-W9XTGPJQ:243:30)
    at d (https://www.googletagmanager.com/gtm.js?id=GTM-W9XTGPJQ:859:303)
[    4618ms] Uncaught [object Object]
    at error (https://www.googletagmanager.com/gtm.js?id=GTM-W9XTGPJQ:232:503)
    at c.l.onerror (https://www.googletagmanager.com/gtm.js?id=GTM-W9XTGPJQ:241:160)
    at f.ba (https://www.googletagmanager.com/gtm.js?id=GTM-W9XTGPJQ:239:228)
    at f.ka (https://www.googletagmanager.com/gtm.js?id=GTM-W9XTGPJQ:238:426)
    at f.Y (https://www.googletagmanager.com/gtm.js?id=GTM-W9XTGPJQ:236:406)
    at f.F (https://www.googletagmanager.com/gtm.js?id=GTM-W9XTGPJQ:234:444)
    at f.write (https://www.googletagmanager.com/gtm.js?id=GTM-W9XTGPJQ:234:69)
    at f (https://www.googletagmanager.com/gtm.js?id=GTM-W9XTGPJQ:241:214)
    at e (https://www.googletagmanager.com/gtm.js?id=GTM-W9XTGPJQ:240:278)
    at q.streams (https://www.googletagmanager.com/gtm.js?id=GTM-W9XTGPJQ:242:29)
    at d (https://www.googletagmanager.com/gtm.js?id=GTM-W9XTGPJQ:858:302)
    at WQ (https://www.googletagmanager.com/gtm.js?id=GTM-W9XTGPJQ:858:331)
    at UQ (https://www.googletagmanager.com/gtm.js?id=GTM-W9XTGPJQ:858:0)
    at TQ (https://www.googletagmanager.com/gtm.js?id=GTM-W9XTGPJQ:855:91)
    at <anonymous> (https://www.googletagmanager.com/gtm.js?id=GTM-W9XTGPJQ:380:186)
    at k.apply (https://www.googletagmanager.com/gtm.js?id=GTM-W9XTGPJQ:306:465)
    at hb (https://www.googletagmanager.com/gtm.js?id=GTM-W9XTGPJQ:269:718)
    at gb (https://www.googletagmanager.com/gtm.js?id=GTM-W9XTGPJQ:269:469)
    at <anonymous> (https://www.googletagmanager.com/gtm.js?id=GTM-W9XTGPJQ:330:472)
    at k.apply (https://www.googletagmanager.com/gtm.js?id=GTM-W9XTGPJQ:306:465)
    at hb (https://www.googletagmanager.com/gtm.js?id=GTM-W9XTGPJQ:269:718)
    at k.Uq (https://www.googletagmanager.com/gtm.js?id=GTM-W9XTGPJQ:269:1285)
    at pf (https://www.googletagmanager.com/gtm.js?id=GTM-W9XTGPJQ:341:959)
    at <anonymous> (https://www.googletagmanager.com/gtm.js?id=GTM-W9XTGPJQ:750:314)
    at Pz (https://www.googletagmanager.com/gtm.js?id=GTM-W9XTGPJQ:670:0)
    at Uz.evaluate (https://www.googletagmanager.com/gtm.js?id=GTM-W9XTGPJQ:674:721)
    at e (https://www.googletagmanager.com/gtm.js?id=GTM-W9XTGPJQ:693:217)
    at <anonymous> (https://www.googletagmanager.com/gtm.js?id=GTM-W9XTGPJQ:274:124)
    at <anonymous> (https://www.googletagmanager.com/gtm.js?id=GTM-W9XTGPJQ:694:390)
    at <anonymous> (https://www.googletagmanager.com/gtm.js?id=GTM-W9XTGPJQ:694:130)
    at hB (https://www.googletagmanager.com/gtm.js?id=GTM-W9XTGPJQ:694:772)
    at kB (https://www.googletagmanager.com/gtm.js?id=GTM-W9XTGPJQ:699:28)
    at oC (https://www.googletagmanager.com/gtm.js?id=GTM-W9XTGPJQ:723:208)
    at c.push (https://www.googletagmanager.com/gtm.js?id=GTM-W9XTGPJQ:727:208)
    at <anonymous> (https://www.googletagmanager.com/gtm.js?id=GTM-W9XTGPJQ:727:462)
[    4626ms] [LOG] CMPL Gallery:  Cadmore Media Gallery. @ https://play.cadmore.media/js/GALLERY_V2.js:1
[    4626ms] [LOG] CMPL GALLERY: Root Url -- https://play.cadmore.media @ https://play.cadmore.media/js/GALLERY_V2.js:18
[    4627ms] [LOG] CMPL Play List: Cadmore Media Play List @ https://play.cadmore.media/js/PLAYLIST_V2.js:1
[    4627ms] [LOG] CMPL PLAYLIST: Root Url -- https://play.cadmore.media @ https://play.cadmore.media/js/PLAYLIST_V2.js:18
[    4694ms] [VERBOSE] [DOM] Password field is not contained in a form: (More info: https://goo.gl/9p2vKq) %o @ https://www-emerald-com.ezproxy.ugm.ac.id/acg/article-abstract/5/4/237/1319318/Decentralized-Autonomous-Organizations-Internal?redirectedFrom=fulltext:0
[    4837ms] [ERROR] Failed to load resource: the server responded with a status of 404 () @ https://api.altmetric.com/v1/internal-556fdf0f/doi/10.1561/109.00000028?callback=_altmetric.embed_callback&domain=www-emerald-com.ezproxy.ugm.ac.id&cache_until=9-2:0
[    4837ms] [ERROR] Refused to execute script from 'https://api.altmetric.com/v1/internal-556fdf0f/doi/10.1561/109.00000028?callback=_altmetric.embed_callback&domain=www-emerald-com.ezproxy.ugm.ac.id&cache_until=9-2' because its MIME type ('text/plain') is not executable, and strict MIME type checking is enabled. @ https://www-emerald-com.ezproxy.ugm.ac.id/acg/article-abstract/5/4/237/1319318/Decentralized-Autonomous-Organizations-Internal?redirectedFrom=fulltext:0
[    4849ms] [ERROR] Failed to load resource: the server responded with a status of 404 () @ https://emer.silverchair-cdn.com/Themes/Client/app/img/favicons/manifest.json:0
[    4849ms] [ERROR] Manifest fetch from https://emer.silverchair-cdn.com/Themes/Client/app/img/favicons/manifest.json failed, code 404 @ https://www-emerald-com.ezproxy.ugm.ac.id/acg/article-abstract/5/4/237/1319318/Decentralized-Autonomous-Organizations-Internal?redirectedFrom=fulltext:0
[    4881ms] [LOG] CMPL POPUP: Root Url -- https://play.cadmore.media @ https://play.cadmore.media/js/POPUP.js:16
[    5640ms] [WARNING] [GPT] PubAdsService.disableInitialLoad is deprecated, use googletag.setConfig({disableInitialLoad: ...}) instead.
https://goo.gle/gpt-message#170 @ https://securepubads.g.doubleclick.net/pagead/managed/js/gpt/m202604280101/pubads_impl.js:18
[    5993ms] [ERROR] Failed to load resource: the server responded with a status of 404 () @ https://emer.silverchair-cdn.com/Themes/Client/app/img/favicons/manifest.json:0
[    5994ms] [ERROR] Manifest fetch from https://emer.silverchair-cdn.com/Themes/Client/app/img/favicons/manifest.json failed, code 404 @ https://www-emerald-com.ezproxy.ugm.ac.id/acg/article-abstract/5/4/237/1319318/Decentralized-Autonomous-Organizations-Internal?redirectedFrom=fulltext:0
[    6096ms] [WARNING] [Meta Pixel] - Removed URL query parameters due to potential violations. @ https://connect.facebook.net/en_US/fbevents.js:181
[    6098ms] [WARNING] [Meta pixel] 1178211065875140 is unavailable on this website due to it's traffic permission settings. Go to https://www.facebook.com/business/help/572690630080597 to learn more. @ https://connect.facebook.net/en_US/fbevents.js:181
[    6392ms] [ERROR] Failed to load resource: the server responded with a status of 404 () @ https://rev.trendmd.com/ad-sets/identifier:0
[    6401ms] Uncaught (in promise) Error: Error fetching adSetId
    at <anonymous> (https://js.trendmd.com/trendmd.min.js:2:5099)
[    7443ms] [ERROR] Failed to load resource: net::ERR_BLOCKED_BY_RESPONSE.NotSameOrigin @ https://www.emerald.com/Themes/Client/app/img/favicons/v-639102488374732302/favicon.ico:0
[    7608ms] [ERROR] Failed to load resource: net::ERR_CERT_COMMON_NAME_INVALID @ https://ps.eyeota.net/pixel?pid=1mpb5m0&t=gif&gdpr=0&gdpr_consent=:0
[   10218ms] [LOG] CMPL Gallery: No galleries detected. @ https://play.cadmore.media/js/GALLERY_V2.js:36
[   10219ms] [LOG] CMPL Play List: No play lists detected. @ https://play.cadmore.media/js/PLAYLIST_V2.js:41
[   14839ms] [ERROR] Failed to load resource: net::ERR_CERT_COMMON_NAME_INVALID @ https://ps.eyeota.net/pixel?pid=m4omg6v&t=gif&call=2&gdpr=0&gdpr_consent=:0
