[     743ms] [LOG] [nimble-params] site=wol&page=article&cid=10.1111%2Fcorg.70008&q= @ https://onlinelibrary-wiley-com.ezproxy.ugm.ac.id/doi/10.1111/corg.70008:696
[     758ms] [LOG] Script blocked: https://nim-onlinelibrary-wiley-com.ezproxy.ugm.ac.id/v2/data.js?site=wol&page=article&cid=10.1111%2Fcorg.70008&q= @ https://onlinelibrary-wiley-com.ezproxy.ugm.ac.id/doi/10.1111/corg.70008:129
[     759ms] [LOG] Script blocked: https://nim-onlinelibrary-wiley-com.ezproxy.ugm.ac.id/v2/data.js?site=wol&page=article&cid=10.1111%2Fcorg.70008&q= @ https://onlinelibrary-wiley-com.ezproxy.ugm.ac.id/doi/10.1111/corg.70008:129
[    1061ms] [WARNING] [GPT] PubAdsService.setTargeting is deprecated, use googletag.setConfig({targeting: ...}) instead.
https://goo.gle/gpt-message#170 @ https://securepubads.g.doubleclick.net/pagead/managed/js/gpt/m202604280101/pubads_impl.js:18
[    1067ms] [WARNING] [GPT] Slot.setCollapseEmptyDiv is deprecated, use Slot.setConfig({collapseDiv: ...}) instead.
https://goo.gle/gpt-message#171 @ https://securepubads.g.doubleclick.net/pagead/managed/js/gpt/m202604280101/pubads_impl.js:18
[    1136ms] [WARNING] Confiant: No sites are configured for video scanning @ https://cdn.confiant-integrations.net/aWonYuiOgPxwseCX0ZD_YAHL3qs/gpt_and_prebid/config.js:163
[    1243ms] [TIMEEND] gpt ready: 0.032958984375 ms @ https://onlinelibrary-wiley-com.ezproxy.ugm.ac.id/doi/10.1111/corg.70008:1481
[    1517ms] [LOG] JQMIGRATE: Migrate is installed, version 3.0.0 @ https://onlinelibrary-wiley-com.ezproxy.ugm.ac.id/products/acropolis/pericles/releasedAssets/js/main.bundle-6d05fe77fb5d24a6a408.js:85
[    1595ms] [LOG] Widgets initialized! @ https://onlinelibrary-wiley-com.ezproxy.ugm.ac.id/wro/f5e7ffe6d6d1192a4defdde88dc425c93326c6ed~product.js:35
[    1607ms] [LOG] Cart Service initialized! @ https://onlinelibrary-wiley-com.ezproxy.ugm.ac.id/wro/f5e7ffe6d6d1192a4defdde88dc425c93326c6ed~product.js:288
[    1609ms] [LOG] Commerce Cart :: Registering service buyingList listener... @ https://onlinelibrary-wiley-com.ezproxy.ugm.ac.id/wro/f5e7ffe6d6d1192a4defdde88dc425c93326c6ed~product.js:284
[    1609ms] [LOG] Commerce Cart :: Registering service savedItems listener... @ https://onlinelibrary-wiley-com.ezproxy.ugm.ac.id/wro/f5e7ffe6d6d1192a4defdde88dc425c93326c6ed~product.js:284
[    1659ms] [TIMEEND] DV ready: 415.66796875 ms @ https://onlinelibrary-wiley-com.ezproxy.ugm.ac.id/doi/10.1111/corg.70008:1484
[    1660ms] [TIMEEND] advert-leaderboard ready: 1.093994140625 ms @ https://onlinelibrary-wiley-com.ezproxy.ugm.ac.id/doi/10.1111/corg.70008:1487
[    1734ms] [LOG] Commerce Cart :: Registering service buyingList listener... @ https://onlinelibrary-wiley-com.ezproxy.ugm.ac.id/wro/f5e7ffe6d6d1192a4defdde88dc425c93326c6ed~product.js:284
[    1734ms] [LOG] Commerce Cart :: Registering service savedItems listener... @ https://onlinelibrary-wiley-com.ezproxy.ugm.ac.id/wro/f5e7ffe6d6d1192a4defdde88dc425c93326c6ed~product.js:284
[    1735ms] [LOG] Commerce Cart :: Registering service undefined listener... @ https://onlinelibrary-wiley-com.ezproxy.ugm.ac.id/wro/f5e7ffe6d6d1192a4defdde88dc425c93326c6ed~product.js:284
[    1735ms] [LOG] Commerce Cart :: Registering service undefined listener... @ https://onlinelibrary-wiley-com.ezproxy.ugm.ac.id/wro/f5e7ffe6d6d1192a4defdde88dc425c93326c6ed~product.js:284
[    1735ms] [LOG] Commerce Cart :: Registering service undefined listener... @ https://onlinelibrary-wiley-com.ezproxy.ugm.ac.id/wro/f5e7ffe6d6d1192a4defdde88dc425c93326c6ed~product.js:284
[    1736ms] [LOG] Commerce Cart :: Registering service identity listener... @ https://onlinelibrary-wiley-com.ezproxy.ugm.ac.id/wro/f5e7ffe6d6d1192a4defdde88dc425c93326c6ed~product.js:284
[    1737ms] [LOG] Commerce Cart :: Registering service buyingList listener... @ https://onlinelibrary-wiley-com.ezproxy.ugm.ac.id/wro/f5e7ffe6d6d1192a4defdde88dc425c93326c6ed~product.js:284
[    1737ms] [LOG] Commerce Cart :: Registering service savedItems listener... @ https://onlinelibrary-wiley-com.ezproxy.ugm.ac.id/wro/f5e7ffe6d6d1192a4defdde88dc425c93326c6ed~product.js:284
[    1737ms] [LOG] Commerce Cart :: Registering service undefined listener... @ https://onlinelibrary-wiley-com.ezproxy.ugm.ac.id/wro/f5e7ffe6d6d1192a4defdde88dc425c93326c6ed~product.js:284
[    1737ms] [LOG] Commerce Cart :: Registering service undefined listener... @ https://onlinelibrary-wiley-com.ezproxy.ugm.ac.id/wro/f5e7ffe6d6d1192a4defdde88dc425c93326c6ed~product.js:284
[    1737ms] [LOG] Commerce Cart :: Registering service undefined listener... @ https://onlinelibrary-wiley-com.ezproxy.ugm.ac.id/wro/f5e7ffe6d6d1192a4defdde88dc425c93326c6ed~product.js:284
[    1867ms] [LOG] iFrame blocked: https://static.addtoany.com/menu/sm.25.html#type=core&event=load @ https://onlinelibrary-wiley-com.ezproxy.ugm.ac.id/doi/10.1111/corg.70008:135
[    1874ms] [LOG] iFrame blocked: https://static.addtoany.com/menu/sm.25.html#type=core&event=load @ https://onlinelibrary-wiley-com.ezproxy.ugm.ac.id/doi/10.1111/corg.70008:135
[    2283ms] [ERROR] Failed to load resource: the server responded with a status of 404 (Not Found) @ https://onlinelibrary-wiley-com.ezproxy.ugm.ac.id/action/connectTeaserInfo:0
[    2284ms] [ERROR] Failed to fetch user info: 404 Not Found @ https://onlinelibrary-wiley-com.ezproxy.ugm.ac.id/wro/f5e7ffe6d6d1192a4defdde88dc425c93326c6ed~product.js:253
[    2454ms] [LOG] Cookie blocked: _uetsid @ https://onlinelibrary-wiley-com.ezproxy.ugm.ac.id/doi/10.1111/corg.70008:132
[    2456ms] [LOG] Cookie blocked: _uetsid @ https://onlinelibrary-wiley-com.ezproxy.ugm.ac.id/doi/10.1111/corg.70008:132
[    2458ms] [LOG] Cookie blocked: _uetsid @ https://onlinelibrary-wiley-com.ezproxy.ugm.ac.id/doi/10.1111/corg.70008:132
[    2460ms] [LOG] Cookie blocked: _uetsid @ https://onlinelibrary-wiley-com.ezproxy.ugm.ac.id/doi/10.1111/corg.70008:132
[    2463ms] [LOG] Cookie blocked: _uetsid @ https://onlinelibrary-wiley-com.ezproxy.ugm.ac.id/doi/10.1111/corg.70008:132
[    2485ms] [LOG] Cookie blocked: _uetsid @ https://onlinelibrary-wiley-com.ezproxy.ugm.ac.id/doi/10.1111/corg.70008:132
[    2527ms] [LOG] Script blocked: https://www.clarity.ms/tag/uet/134596254 @ https://onlinelibrary-wiley-com.ezproxy.ugm.ac.id/doi/10.1111/corg.70008:129
[    2529ms] [LOG] Script blocked: https://www.clarity.ms/tag/uet/134596254 @ https://onlinelibrary-wiley-com.ezproxy.ugm.ac.id/doi/10.1111/corg.70008:129
[    2917ms] [ERROR] Access to fetch at 'https://wiley-jobs-widget.madgexjb.com/api/v1/jobs/html?journalId=CORG&region=IDN%2CAPAC&pageSize=5&utmCampaign=CORG&utmSource=wileyonlinelibrary&utmMedium=jobs-widget&subject=ac%2Cba%2Cac20%2Cba17%2Cac10%2Cac00%2Cba00%2Cba13%2Cba10' from origin 'https://onlinelibrary-wiley-com.ezproxy.ugm.ac.id' has been blocked by CORS policy: No 'Access-Control-Allow-Origin' header is present on the requested resource. @ https://onlinelibrary-wiley-com.ezproxy.ugm.ac.id/doi/10.1111/corg.70008:0
[    2917ms] [ERROR] Failed to load resource: net::ERR_FAILED @ https://wiley-jobs-widget.madgexjb.com/api/v1/jobs/html?journalId=CORG&region=IDN%2CAPAC&pageSize=5&utmCampaign=CORG&utmSource=wileyonlinelibrary&utmMedium=jobs-widget&subject=ac%2Cba%2Cac20%2Cba17%2Cac10%2Cac00%2Cba00%2Cba13%2Cba10:0
[    3069ms] [WARNING] [Meta pixel] 263124174624252 is unavailable on this website due to it's traffic permission settings. Go to https://www.facebook.com/business/help/572690630080597 to learn more. @ https://connect.facebook.net/en_US/fbevents.js:181
[    3343ms] [WARNING] [Meta Pixel] - Removed parameters from custom data due to potential violations. Go to Events Manager to learn more. @ https://connect.facebook.net/en_US/fbevents.js:181
[    3344ms] [WARNING] [Meta pixel] 263124174624252 is unavailable on this website due to it's traffic permission settings. Go to https://www.facebook.com/business/help/572690630080597 to learn more. @ https://connect.facebook.net/en_US/fbevents.js:181
[    3574ms] [ERROR] Attestation check for Shared Storage on https://www.googleadservices.com failed. @ https://www.googleadservices.com/pagead/managed/js/activeview/current/reach_worklet.html:0
[    3583ms] [ERROR] Attestation check for Shared Storage on https://www.googleadservices.com failed. @ https://www.googleadservices.com/pagead/managed/js/activeview/current/reach_worklet.html:0
[    3588ms] [ERROR] Attestation check for Shared Storage on https://www.googleadservices.com failed. @ https://www.googleadservices.com/pagead/managed/js/activeview/current/reach_worklet.html:0
[    3864ms] [WARNING] 🚀 _satellite.readCookie is deprecated. Please use _satellite.cookie.get("randomizeUser"). @ https://assets.adobedtm.com/59640f9fa510/591d3f748997/launch-1ff1f800248b.min.js:12
[    4395ms] [LOG] Cookie blocked: _twpid @ https://onlinelibrary-wiley-com.ezproxy.ugm.ac.id/doi/10.1111/corg.70008:132
[    4397ms] [LOG] Cookie blocked: _twpid @ https://onlinelibrary-wiley-com.ezproxy.ugm.ac.id/doi/10.1111/corg.70008:132
[    4398ms] [LOG] Cookie blocked: _twpid @ https://onlinelibrary-wiley-com.ezproxy.ugm.ac.id/doi/10.1111/corg.70008:132
[    4401ms] [LOG] Cookie blocked: _twpid @ https://onlinelibrary-wiley-com.ezproxy.ugm.ac.id/doi/10.1111/corg.70008:132
[    4509ms] [LOG] Logs from Web SDK Extension || web.webInteraction @ https://assets.adobedtm.com/59640f9fa510/591d3f748997/launch-1ff1f800248b.min.js:2
[    4509ms] [LOG] {linkClicks: Object, name: wol:related content -  tab loaded, URL: undefined, type: other} @ https://assets.adobedtm.com/59640f9fa510/591d3f748997/launch-1ff1f800248b.min.js:2
[    4739ms] [LOG] Script blocked: https://content.wiley.com/analytics?ver=3&visitor_id=&visitor_id_sign=&pi_opt_in=&campaign_id=null&account_id=1116643&title=The%20Myths%20of%20Blockchain%20Governance%20-%20Ferreira%20-%202026%20-%20Corporate%20Governance%3A%20An%20International%20Review%20-%20Wiley%20Online%20Library&url=https%3A%2F%2Fonlinelibrary-wiley-com.ezproxy.ugm.ac.id%2Fdoi%2F10.1111%2Fcorg.70008&referrer= @ https://onlinelibrary-wiley-com.ezproxy.ugm.ac.id/doi/10.1111/corg.70008:129
[    4741ms] [LOG] Script blocked: https://content.wiley.com/analytics?ver=3&visitor_id=&visitor_id_sign=&pi_opt_in=&campaign_id=null&account_id=1116643&title=The%20Myths%20of%20Blockchain%20Governance%20-%20Ferreira%20-%202026%20-%20Corporate%20Governance%3A%20An%20International%20Review%20-%20Wiley%20Online%20Library&url=https%3A%2F%2Fonlinelibrary-wiley-com.ezproxy.ugm.ac.id%2Fdoi%2F10.1111%2Fcorg.70008&referrer= @ https://onlinelibrary-wiley-com.ezproxy.ugm.ac.id/doi/10.1111/corg.70008:129
[    5081ms] [LOG] iFrame blocked: https://ep2.adtrafficquality.google/sodar/sodar2/254/runner.html @ https://onlinelibrary-wiley-com.ezproxy.ugm.ac.id/doi/10.1111/corg.70008:135
[    5085ms] [LOG] iFrame blocked: https://ep2.adtrafficquality.google/sodar/sodar2/254/runner.html @ https://onlinelibrary-wiley-com.ezproxy.ugm.ac.id/doi/10.1111/corg.70008:135
[    3574ms] [ERROR] Attestation check for Shared Storage on https://www.googleadservices.com failed. @ https://www.googleadservices.com/pagead/managed/js/activeview/current/reach_worklet.html:0
[    3583ms] [ERROR] Attestation check for Shared Storage on https://www.googleadservices.com failed. @ https://www.googleadservices.com/pagead/managed/js/activeview/current/reach_worklet.html:0
[    3588ms] [ERROR] Attestation check for Shared Storage on https://www.googleadservices.com failed. @ https://www.googleadservices.com/pagead/managed/js/activeview/current/reach_worklet.html:0
[    5571ms] [ERROR] Attestation check for Shared Storage on https://www.googleadservices.com failed. @ https://www.googleadservices.com/pagead/managed/js/activeview/current/reach_worklet.html:0
[    3574ms] [ERROR] Attestation check for Shared Storage on https://www.googleadservices.com failed. @ https://www.googleadservices.com/pagead/managed/js/activeview/current/reach_worklet.html:0
[    3583ms] [ERROR] Attestation check for Shared Storage on https://www.googleadservices.com failed. @ https://www.googleadservices.com/pagead/managed/js/activeview/current/reach_worklet.html:0
[    3588ms] [ERROR] Attestation check for Shared Storage on https://www.googleadservices.com failed. @ https://www.googleadservices.com/pagead/managed/js/activeview/current/reach_worklet.html:0
[    5571ms] [ERROR] Attestation check for Shared Storage on https://www.googleadservices.com failed. @ https://www.googleadservices.com/pagead/managed/js/activeview/current/reach_worklet.html:0
[    5684ms] [ERROR] Attestation check for Shared Storage on https://www.googleadservices.com failed. @ https://www.googleadservices.com/pagead/managed/js/activeview/current/reach_worklet.html:0
[   14266ms] [WARNING] The resource https://onlinelibrary-wiley-com.ezproxy.ugm.ac.id/products/acropolis/pericles/releasedAssets/fonts/open-sans/open-sans-v15-latin-regular-87a454b233bedae23f8d1be11e8b4f68.woff was preloaded using link preload but not used within a few seconds from the window's load event. Please make sure it has an appropriate `as` value and it is preloaded intentionally. @ https://onlinelibrary-wiley-com.ezproxy.ugm.ac.id/doi/10.1111/corg.70008:0
[   14266ms] [WARNING] The resource https://onlinelibrary-wiley-com.ezproxy.ugm.ac.id/products/acropolis/pericles/releasedAssets/fonts/open-sans/open-sans-v15-latin-700italic-aff641ffb783d3346c2a56316eb86fea.woff2 was preloaded using link preload but not used within a few seconds from the window's load event. Please make sure it has an appropriate `as` value and it is preloaded intentionally. @ https://onlinelibrary-wiley-com.ezproxy.ugm.ac.id/doi/10.1111/corg.70008:0
[   14266ms] [WARNING] The resource https://onlinelibrary-wiley-com.ezproxy.ugm.ac.id/products/acropolis/pericles/releasedAssets/fonts/source-serif-pro/source-serif-pro-v5-latin-600-c499fba2e89b590ea2e845c08766668b.woff2 was preloaded using link preload but not used within a few seconds from the window's load event. Please make sure it has an appropriate `as` value and it is preloaded intentionally. @ https://onlinelibrary-wiley-com.ezproxy.ugm.ac.id/doi/10.1111/corg.70008:0
[   14266ms] [WARNING] The resource https://onlinelibrary-wiley-com.ezproxy.ugm.ac.id/products/acropolis/pericles/releasedAssets/fonts/open-sans/open-sans-v15-latin-italic-30e38142e06c4c0ee948fc7d851ad780.woff2 was preloaded using link preload but not used within a few seconds from the window's load event. Please make sure it has an appropriate `as` value and it is preloaded intentionally. @ https://onlinelibrary-wiley-com.ezproxy.ugm.ac.id/doi/10.1111/corg.70008:0
[   14266ms] [WARNING] The resource https://onlinelibrary-wiley-com.ezproxy.ugm.ac.id/products/acropolis/pericles/releasedAssets/fonts/open-sans/open-sans-v29-latin-ext-regular-ccfa20f8de7f73249c39bd9b206e0b3b.woff2 was preloaded using link preload but not used within a few seconds from the window's load event. Please make sure it has an appropriate `as` value and it is preloaded intentionally. @ https://onlinelibrary-wiley-com.ezproxy.ugm.ac.id/doi/10.1111/corg.70008:0
[   14266ms] [WARNING] The resource https://onlinelibrary-wiley-com.ezproxy.ugm.ac.id/products/acropolis/pericles/releasedAssets/fonts/open-sans/open-sans-v29-latin-ext-italic-2b6b4e6c5b21536d981f80949b396264.woff2 was preloaded using link preload but not used within a few seconds from the window's load event. Please make sure it has an appropriate `as` value and it is preloaded intentionally. @ https://onlinelibrary-wiley-com.ezproxy.ugm.ac.id/doi/10.1111/corg.70008:0
[   14267ms] [WARNING] The resource https://onlinelibrary-wiley-com.ezproxy.ugm.ac.id/products/acropolis/pericles/releasedAssets/fonts/open-sans/open-sans-v29-latin-ext-300-53a72308edae8f52dfe45352d474466f.woff2 was preloaded using link preload but not used within a few seconds from the window's load event. Please make sure it has an appropriate `as` value and it is preloaded intentionally. @ https://onlinelibrary-wiley-com.ezproxy.ugm.ac.id/doi/10.1111/corg.70008:0
[   14267ms] [WARNING] The resource https://onlinelibrary-wiley-com.ezproxy.ugm.ac.id/products/acropolis/pericles/releasedAssets/fonts/open-sans/open-sans-v15-latin-800italic-6d6776db88bc05414be342f8c8ee6ad9.woff2 was preloaded using link preload but not used within a few seconds from the window's load event. Please make sure it has an appropriate `as` value and it is preloaded intentionally. @ https://onlinelibrary-wiley-com.ezproxy.ugm.ac.id/doi/10.1111/corg.70008:0
[   14267ms] [WARNING] The resource https://onlinelibrary-wiley-com.ezproxy.ugm.ac.id/products/acropolis/pericles/releasedAssets/fonts/open-sans/open-sans-v34-latin-ext-300italic-b89e08a52a38d3a5fa12b265ef1799e4.woff2 was preloaded using link preload but not used within a few seconds from the window's load event. Please make sure it has an appropriate `as` value and it is preloaded intentionally. @ https://onlinelibrary-wiley-com.ezproxy.ugm.ac.id/doi/10.1111/corg.70008:0
[   14267ms] [WARNING] The resource https://onlinelibrary-wiley-com.ezproxy.ugm.ac.id/products/acropolis/pericles/releasedAssets/fonts/open-sans/open-sans-v29-latin-ext-600italic-21d098b9bf85845fdaac6c732e6c94de.woff2 was preloaded using link preload but not used within a few seconds from the window's load event. Please make sure it has an appropriate `as` value and it is preloaded intentionally. @ https://onlinelibrary-wiley-com.ezproxy.ugm.ac.id/doi/10.1111/corg.70008:0
[   14267ms] [WARNING] The resource https://onlinelibrary-wiley-com.ezproxy.ugm.ac.id/products/acropolis/pericles/releasedAssets/fonts/open-sans/open-sans-v15-latin-300-f2ebdee8c2343f558a0221d276957606.woff2 was preloaded using link preload but not used within a few seconds from the window's load event. Please make sure it has an appropriate `as` value and it is preloaded intentionally. @ https://onlinelibrary-wiley-com.ezproxy.ugm.ac.id/doi/10.1111/corg.70008:0
[   14267ms] [WARNING] The resource https://onlinelibrary-wiley-com.ezproxy.ugm.ac.id/products/acropolis/pericles/releasedAssets/fonts/open-sans/open-sans-v29-latin-ext-600-5ea434b2a50014495a3280ca861d474d.woff2 was preloaded using link preload but not used within a few seconds from the window's load event. Please make sure it has an appropriate `as` value and it is preloaded intentionally. @ https://onlinelibrary-wiley-com.ezproxy.ugm.ac.id/doi/10.1111/corg.70008:0
[   14267ms] [WARNING] The resource https://onlinelibrary-wiley-com.ezproxy.ugm.ac.id/products/acropolis/pericles/releasedAssets/fonts/open-sans/open-sans-v34-latin-ext-600italic-0c935711cfb2e1e8f22ec36a8ccfafb2.woff2 was preloaded using link preload but not used within a few seconds from the window's load event. Please make sure it has an appropriate `as` value and it is preloaded intentionally. @ https://onlinelibrary-wiley-com.ezproxy.ugm.ac.id/doi/10.1111/corg.70008:0
[   14267ms] [WARNING] The resource https://onlinelibrary-wiley-com.ezproxy.ugm.ac.id/products/acropolis/pericles/releasedAssets/fonts/open-sans/open-sans-v34-latin-ext-italic-3e38a3ad85a9d7971ef16a1e8a3f2e7f.woff2 was preloaded using link preload but not used within a few seconds from the window's load event. Please make sure it has an appropriate `as` value and it is preloaded intentionally. @ https://onlinelibrary-wiley-com.ezproxy.ugm.ac.id/doi/10.1111/corg.70008:0
[   14267ms] [WARNING] The resource https://onlinelibrary-wiley-com.ezproxy.ugm.ac.id/products/acropolis/pericles/releasedAssets/fonts/open-sans/open-sans-v15-latin-600italic-fe6c0e0a84eb03400dc58528fcdaad00.woff2 was preloaded using link preload but not used within a few seconds from the window's load event. Please make sure it has an appropriate `as` value and it is preloaded intentionally. @ https://onlinelibrary-wiley-com.ezproxy.ugm.ac.id/doi/10.1111/corg.70008:0
[   14267ms] [WARNING] The resource https://onlinelibrary-wiley-com.ezproxy.ugm.ac.id/products/acropolis/pericles/releasedAssets/fonts/open-sans/open-sans-v34-latin-ext-600-d985c84909eb941bc635fa8524d08f55.woff2 was preloaded using link preload but not used within a few seconds from the window's load event. Please make sure it has an appropriate `as` value and it is preloaded intentionally. @ https://onlinelibrary-wiley-com.ezproxy.ugm.ac.id/doi/10.1111/corg.70008:0
[   14267ms] [WARNING] The resource https://onlinelibrary-wiley-com.ezproxy.ugm.ac.id/products/acropolis/pericles/releasedAssets/fonts/open-sans/open-sans-v29-latin-ext-300italic-3db9f2e1daaac364a9a5be78d0293585.woff2 was preloaded using link preload but not used within a few seconds from the window's load event. Please make sure it has an appropriate `as` value and it is preloaded intentionally. @ https://onlinelibrary-wiley-com.ezproxy.ugm.ac.id/doi/10.1111/corg.70008:0
[   14267ms] [WARNING] The resource https://onlinelibrary-wiley-com.ezproxy.ugm.ac.id/products/acropolis/pericles/releasedAssets/fonts/open-sans/open-sans-v15-latin-700-7435e6c2064f36f486266e516e9838b8.woff2 was preloaded using link preload but not used within a few seconds from the window's load event. Please make sure it has an appropriate `as` value and it is preloaded intentionally. @ https://onlinelibrary-wiley-com.ezproxy.ugm.ac.id/doi/10.1111/corg.70008:0
[   14267ms] [WARNING] The resource https://onlinelibrary-wiley-com.ezproxy.ugm.ac.id/products/acropolis/pericles/releasedAssets/fonts/open-sans/open-sans-v15-latin-600-27152396a129082ada86fd6444b9ad4b.woff2 was preloaded using link preload but not used within a few seconds from the window's load event. Please make sure it has an appropriate `as` value and it is preloaded intentionally. @ https://onlinelibrary-wiley-com.ezproxy.ugm.ac.id/doi/10.1111/corg.70008:0
[   14267ms] [WARNING] The resource https://onlinelibrary-wiley-com.ezproxy.ugm.ac.id/products/acropolis/pericles/releasedAssets/fonts/open-sans/open-sans-v15-latin-800-3b2da54475cee88b1387631ce1eb8599.woff2 was preloaded using link preload but not used within a few seconds from the window's load event. Please make sure it has an appropriate `as` value and it is preloaded intentionally. @ https://onlinelibrary-wiley-com.ezproxy.ugm.ac.id/doi/10.1111/corg.70008:0
[   14267ms] [WARNING] The resource https://onlinelibrary-wiley-com.ezproxy.ugm.ac.id/products/acropolis/pericles/releasedAssets/fonts/source-serif-pro/source-serif-pro-v5-latin-regular-80b2da76a0438320789aa7091b21055a.woff2 was preloaded using link preload but not used within a few seconds from the window's load event. Please make sure it has an appropriate `as` value and it is preloaded intentionally. @ https://onlinelibrary-wiley-com.ezproxy.ugm.ac.id/doi/10.1111/corg.70008:0
[   14267ms] [WARNING] The resource https://onlinelibrary-wiley-com.ezproxy.ugm.ac.id/products/acropolis/pericles/releasedAssets/fonts/open-sans/open-sans-v15-latin-300italic-f87536f8fce296ba6c4205276423d1f8.woff2 was preloaded using link preload but not used within a few seconds from the window's load event. Please make sure it has an appropriate `as` value and it is preloaded intentionally. @ https://onlinelibrary-wiley-com.ezproxy.ugm.ac.id/doi/10.1111/corg.70008:0
[   14267ms] [WARNING] The resource https://onlinelibrary-wiley-com.ezproxy.ugm.ac.id/products/acropolis/pericles/releasedAssets/fonts/open-sans/open-sans-v34-latin-ext-300-c02b27b95119783b496326ecb22cc429.woff2 was preloaded using link preload but not used within a few seconds from the window's load event. Please make sure it has an appropriate `as` value and it is preloaded intentionally. @ https://onlinelibrary-wiley-com.ezproxy.ugm.ac.id/doi/10.1111/corg.70008:0
[   14267ms] [WARNING] The resource https://onlinelibrary-wiley-com.ezproxy.ugm.ac.id/products/acropolis/pericles/releasedAssets/fonts/source-serif-pro/source-serif-pro-v5-latin-700-de41b2bc81b8d395f1ede0f357968cb0.woff2 was preloaded using link preload but not used within a few seconds from the window's load event. Please make sure it has an appropriate `as` value and it is preloaded intentionally. @ https://onlinelibrary-wiley-com.ezproxy.ugm.ac.id/doi/10.1111/corg.70008:0
[   19381ms] [WARNING] The resource https://onlinelibrary-wiley-com.ezproxy.ugm.ac.id/products/acropolis/pericles/releasedAssets/fonts/open-sans/open-sans-v15-latin-regular-87a454b233bedae23f8d1be11e8b4f68.woff was preloaded using link preload but not used within a few seconds from the window's load event. Please make sure it has an appropriate `as` value and it is preloaded intentionally. @ https://onlinelibrary-wiley-com.ezproxy.ugm.ac.id/doi/10.1111/corg.70008:0
[   19381ms] [WARNING] The resource https://onlinelibrary-wiley-com.ezproxy.ugm.ac.id/products/acropolis/pericles/releasedAssets/fonts/open-sans/open-sans-v15-latin-700italic-aff641ffb783d3346c2a56316eb86fea.woff2 was preloaded using link preload but not used within a few seconds from the window's load event. Please make sure it has an appropriate `as` value and it is preloaded intentionally. @ https://onlinelibrary-wiley-com.ezproxy.ugm.ac.id/doi/10.1111/corg.70008:0
[   19381ms] [WARNING] The resource https://onlinelibrary-wiley-com.ezproxy.ugm.ac.id/products/acropolis/pericles/releasedAssets/fonts/source-serif-pro/source-serif-pro-v5-latin-600-c499fba2e89b590ea2e845c08766668b.woff2 was preloaded using link preload but not used within a few seconds from the window's load event. Please make sure it has an appropriate `as` value and it is preloaded intentionally. @ https://onlinelibrary-wiley-com.ezproxy.ugm.ac.id/doi/10.1111/corg.70008:0
[   19381ms] [WARNING] The resource https://onlinelibrary-wiley-com.ezproxy.ugm.ac.id/products/acropolis/pericles/releasedAssets/fonts/open-sans/open-sans-v15-latin-italic-30e38142e06c4c0ee948fc7d851ad780.woff2 was preloaded using link preload but not used within a few seconds from the window's load event. Please make sure it has an appropriate `as` value and it is preloaded intentionally. @ https://onlinelibrary-wiley-com.ezproxy.ugm.ac.id/doi/10.1111/corg.70008:0
[   19381ms] [WARNING] The resource https://onlinelibrary-wiley-com.ezproxy.ugm.ac.id/products/acropolis/pericles/releasedAssets/fonts/open-sans/open-sans-v29-latin-ext-regular-ccfa20f8de7f73249c39bd9b206e0b3b.woff2 was preloaded using link preload but not used within a few seconds from the window's load event. Please make sure it has an appropriate `as` value and it is preloaded intentionally. @ https://onlinelibrary-wiley-com.ezproxy.ugm.ac.id/doi/10.1111/corg.70008:0
[   19381ms] [WARNING] The resource https://onlinelibrary-wiley-com.ezproxy.ugm.ac.id/products/acropolis/pericles/releasedAssets/fonts/open-sans/open-sans-v29-latin-ext-italic-2b6b4e6c5b21536d981f80949b396264.woff2 was preloaded using link preload but not used within a few seconds from the window's load event. Please make sure it has an appropriate `as` value and it is preloaded intentionally. @ https://onlinelibrary-wiley-com.ezproxy.ugm.ac.id/doi/10.1111/corg.70008:0
[   19381ms] [WARNING] The resource https://onlinelibrary-wiley-com.ezproxy.ugm.ac.id/products/acropolis/pericles/releasedAssets/fonts/open-sans/open-sans-v29-latin-ext-300-53a72308edae8f52dfe45352d474466f.woff2 was preloaded using link preload but not used within a few seconds from the window's load event. Please make sure it has an appropriate `as` value and it is preloaded intentionally. @ https://onlinelibrary-wiley-com.ezproxy.ugm.ac.id/doi/10.1111/corg.70008:0
[   19381ms] [WARNING] The resource https://onlinelibrary-wiley-com.ezproxy.ugm.ac.id/products/acropolis/pericles/releasedAssets/fonts/open-sans/open-sans-v15-latin-800italic-6d6776db88bc05414be342f8c8ee6ad9.woff2 was preloaded using link preload but not used within a few seconds from the window's load event. Please make sure it has an appropriate `as` value and it is preloaded intentionally. @ https://onlinelibrary-wiley-com.ezproxy.ugm.ac.id/doi/10.1111/corg.70008:0
[   19381ms] [WARNING] The resource https://onlinelibrary-wiley-com.ezproxy.ugm.ac.id/products/acropolis/pericles/releasedAssets/fonts/open-sans/open-sans-v34-latin-ext-300italic-b89e08a52a38d3a5fa12b265ef1799e4.woff2 was preloaded using link preload but not used within a few seconds from the window's load event. Please make sure it has an appropriate `as` value and it is preloaded intentionally. @ https://onlinelibrary-wiley-com.ezproxy.ugm.ac.id/doi/10.1111/corg.70008:0
[   19381ms] [WARNING] The resource https://onlinelibrary-wiley-com.ezproxy.ugm.ac.id/products/acropolis/pericles/releasedAssets/fonts/open-sans/open-sans-v29-latin-ext-600italic-21d098b9bf85845fdaac6c732e6c94de.woff2 was preloaded using link preload but not used within a few seconds from the window's load event. Please make sure it has an appropriate `as` value and it is preloaded intentionally. @ https://onlinelibrary-wiley-com.ezproxy.ugm.ac.id/doi/10.1111/corg.70008:0
[   19381ms] [WARNING] The resource https://onlinelibrary-wiley-com.ezproxy.ugm.ac.id/products/acropolis/pericles/releasedAssets/fonts/open-sans/open-sans-v15-latin-300-f2ebdee8c2343f558a0221d276957606.woff2 was preloaded using link preload but not used within a few seconds from the window's load event. Please make sure it has an appropriate `as` value and it is preloaded intentionally. @ https://onlinelibrary-wiley-com.ezproxy.ugm.ac.id/doi/10.1111/corg.70008:0
[   19381ms] [WARNING] The resource https://onlinelibrary-wiley-com.ezproxy.ugm.ac.id/products/acropolis/pericles/releasedAssets/fonts/open-sans/open-sans-v29-latin-ext-600-5ea434b2a50014495a3280ca861d474d.woff2 was preloaded using link preload but not used within a few seconds from the window's load event. Please make sure it has an appropriate `as` value and it is preloaded intentionally. @ https://onlinelibrary-wiley-com.ezproxy.ugm.ac.id/doi/10.1111/corg.70008:0
[   19381ms] [WARNING] The resource https://onlinelibrary-wiley-com.ezproxy.ugm.ac.id/products/acropolis/pericles/releasedAssets/fonts/open-sans/open-sans-v34-latin-ext-600italic-0c935711cfb2e1e8f22ec36a8ccfafb2.woff2 was preloaded using link preload but not used within a few seconds from the window's load event. Please make sure it has an appropriate `as` value and it is preloaded intentionally. @ https://onlinelibrary-wiley-com.ezproxy.ugm.ac.id/doi/10.1111/corg.70008:0
[   19381ms] [WARNING] The resource https://onlinelibrary-wiley-com.ezproxy.ugm.ac.id/products/acropolis/pericles/releasedAssets/fonts/open-sans/open-sans-v34-latin-ext-italic-3e38a3ad85a9d7971ef16a1e8a3f2e7f.woff2 was preloaded using link preload but not used within a few seconds from the window's load event. Please make sure it has an appropriate `as` value and it is preloaded intentionally. @ https://onlinelibrary-wiley-com.ezproxy.ugm.ac.id/doi/10.1111/corg.70008:0
[   19381ms] [WARNING] The resource https://onlinelibrary-wiley-com.ezproxy.ugm.ac.id/products/acropolis/pericles/releasedAssets/fonts/open-sans/open-sans-v15-latin-600italic-fe6c0e0a84eb03400dc58528fcdaad00.woff2 was preloaded using link preload but not used within a few seconds from the window's load event. Please make sure it has an appropriate `as` value and it is preloaded intentionally. @ https://onlinelibrary-wiley-com.ezproxy.ugm.ac.id/doi/10.1111/corg.70008:0
[   19381ms] [WARNING] The resource https://onlinelibrary-wiley-com.ezproxy.ugm.ac.id/products/acropolis/pericles/releasedAssets/fonts/open-sans/open-sans-v34-latin-ext-600-d985c84909eb941bc635fa8524d08f55.woff2 was preloaded using link preload but not used within a few seconds from the window's load event. Please make sure it has an appropriate `as` value and it is preloaded intentionally. @ https://onlinelibrary-wiley-com.ezproxy.ugm.ac.id/doi/10.1111/corg.70008:0
[   19381ms] [WARNING] The resource https://onlinelibrary-wiley-com.ezproxy.ugm.ac.id/products/acropolis/pericles/releasedAssets/fonts/open-sans/open-sans-v29-latin-ext-300italic-3db9f2e1daaac364a9a5be78d0293585.woff2 was preloaded using link preload but not used within a few seconds from the window's load event. Please make sure it has an appropriate `as` value and it is preloaded intentionally. @ https://onlinelibrary-wiley-com.ezproxy.ugm.ac.id/doi/10.1111/corg.70008:0
[   19381ms] [WARNING] The resource https://onlinelibrary-wiley-com.ezproxy.ugm.ac.id/products/acropolis/pericles/releasedAssets/fonts/open-sans/open-sans-v15-latin-700-7435e6c2064f36f486266e516e9838b8.woff2 was preloaded using link preload but not used within a few seconds from the window's load event. Please make sure it has an appropriate `as` value and it is preloaded intentionally. @ https://onlinelibrary-wiley-com.ezproxy.ugm.ac.id/doi/10.1111/corg.70008:0
[   19381ms] [WARNING] The resource https://onlinelibrary-wiley-com.ezproxy.ugm.ac.id/products/acropolis/pericles/releasedAssets/fonts/open-sans/open-sans-v15-latin-600-27152396a129082ada86fd6444b9ad4b.woff2 was preloaded using link preload but not used within a few seconds from the window's load event. Please make sure it has an appropriate `as` value and it is preloaded intentionally. @ https://onlinelibrary-wiley-com.ezproxy.ugm.ac.id/doi/10.1111/corg.70008:0
[   19381ms] [WARNING] The resource https://onlinelibrary-wiley-com.ezproxy.ugm.ac.id/products/acropolis/pericles/releasedAssets/fonts/open-sans/open-sans-v15-latin-800-3b2da54475cee88b1387631ce1eb8599.woff2 was preloaded using link preload but not used within a few seconds from the window's load event. Please make sure it has an appropriate `as` value and it is preloaded intentionally. @ https://onlinelibrary-wiley-com.ezproxy.ugm.ac.id/doi/10.1111/corg.70008:0
[   19381ms] [WARNING] The resource https://onlinelibrary-wiley-com.ezproxy.ugm.ac.id/products/acropolis/pericles/releasedAssets/fonts/source-serif-pro/source-serif-pro-v5-latin-regular-80b2da76a0438320789aa7091b21055a.woff2 was preloaded using link preload but not used within a few seconds from the window's load event. Please make sure it has an appropriate `as` value and it is preloaded intentionally. @ https://onlinelibrary-wiley-com.ezproxy.ugm.ac.id/doi/10.1111/corg.70008:0
[   19381ms] [WARNING] The resource https://onlinelibrary-wiley-com.ezproxy.ugm.ac.id/products/acropolis/pericles/releasedAssets/fonts/open-sans/open-sans-v15-latin-300italic-f87536f8fce296ba6c4205276423d1f8.woff2 was preloaded using link preload but not used within a few seconds from the window's load event. Please make sure it has an appropriate `as` value and it is preloaded intentionally. @ https://onlinelibrary-wiley-com.ezproxy.ugm.ac.id/doi/10.1111/corg.70008:0
[   19381ms] [WARNING] The resource https://onlinelibrary-wiley-com.ezproxy.ugm.ac.id/products/acropolis/pericles/releasedAssets/fonts/open-sans/open-sans-v34-latin-ext-300-c02b27b95119783b496326ecb22cc429.woff2 was preloaded using link preload but not used within a few seconds from the window's load event. Please make sure it has an appropriate `as` value and it is preloaded intentionally. @ https://onlinelibrary-wiley-com.ezproxy.ugm.ac.id/doi/10.1111/corg.70008:0
[   19382ms] [WARNING] The resource https://onlinelibrary-wiley-com.ezproxy.ugm.ac.id/products/acropolis/pericles/releasedAssets/fonts/source-serif-pro/source-serif-pro-v5-latin-700-de41b2bc81b8d395f1ede0f357968cb0.woff2 was preloaded using link preload but not used within a few seconds from the window's load event. Please make sure it has an appropriate `as` value and it is preloaded intentionally. @ https://onlinelibrary-wiley-com.ezproxy.ugm.ac.id/doi/10.1111/corg.70008:0
[   22562ms] [LOG] Logs from Web SDK Extension || web.webInteraction @ https://assets.adobedtm.com/59640f9fa510/591d3f748997/launch-1ff1f800248b.min.js:2
[   22563ms] [LOG] {name: Download PDF, region: main-content, type: other, URL: https://onlinelibrary-wiley-com.ezproxy.ugm.ac.id/doi/pdf/10.1111/corg.70008, linkClicks: Object} @ https://assets.adobedtm.com/59640f9fa510/591d3f748997/launch-1ff1f800248b.min.js:2
[   23219ms] [LOG] [nimble-params] site=wol&page=article&cid=10.1111%2Fcorg.70008&q= @ https://onlinelibrary-wiley-com.ezproxy.ugm.ac.id/doi/pdf/10.1111/corg.70008:700
[   23230ms] [LOG] Script blocked: https://nim-onlinelibrary-wiley-com.ezproxy.ugm.ac.id/v2/data.js?site=wol&page=article&cid=10.1111%2Fcorg.70008&q= @ https://onlinelibrary-wiley-com.ezproxy.ugm.ac.id/doi/pdf/10.1111/corg.70008:133
[   23230ms] [LOG] Script blocked: https://nim-onlinelibrary-wiley-com.ezproxy.ugm.ac.id/v2/data.js?site=wol&page=article&cid=10.1111%2Fcorg.70008&q= @ https://onlinelibrary-wiley-com.ezproxy.ugm.ac.id/doi/pdf/10.1111/corg.70008:133
[   23291ms] [LOG] JQMIGRATE: Migrate is installed, version 3.0.0 @ https://onlinelibrary-wiley-com.ezproxy.ugm.ac.id/products/acropolis/pericles/releasedAssets/js/main.bundle-6d05fe77fb5d24a6a408.js:85
[   23310ms] [LOG] Widgets initialized! @ https://onlinelibrary-wiley-com.ezproxy.ugm.ac.id/wro/f5e7ffe6d6d1192a4defdde88dc425c93326c6ed~product.js:35
[   23314ms] [LOG] Cart Service initialized! @ https://onlinelibrary-wiley-com.ezproxy.ugm.ac.id/wro/f5e7ffe6d6d1192a4defdde88dc425c93326c6ed~product.js:288
[   23315ms] [LOG] Commerce Cart :: Registering service buyingList listener... @ https://onlinelibrary-wiley-com.ezproxy.ugm.ac.id/wro/f5e7ffe6d6d1192a4defdde88dc425c93326c6ed~product.js:284
[   23315ms] [LOG] Commerce Cart :: Registering service savedItems listener... @ https://onlinelibrary-wiley-com.ezproxy.ugm.ac.id/wro/f5e7ffe6d6d1192a4defdde88dc425c93326c6ed~product.js:284
[   23489ms] [WARNING] Confiant: No sites are configured for video scanning @ https://cdn.confiant-integrations.net/aWonYuiOgPxwseCX0ZD_YAHL3qs/gpt_and_prebid/config.js:163
[   23685ms] [WARNING] [GPT] PubAdsService.setTargeting is deprecated, use googletag.setConfig({targeting: ...}) instead.
https://goo.gle/gpt-message#170 @ https://securepubads.g.doubleclick.net/pagead/managed/js/gpt/m202604280101/pubads_impl.js:18
[   23687ms] [WARNING] [GPT] Slot.setCollapseEmptyDiv is deprecated, use Slot.setConfig({collapseDiv: ...}) instead.
https://goo.gle/gpt-message#171 @ https://securepubads.g.doubleclick.net/pagead/managed/js/gpt/m202604280101/pubads_impl.js:18
[   23765ms] [ERROR] Invalid 'X-Frame-Options' header encountered when loading 'https://onlinelibrary-wiley-com.ezproxy.ugm.ac.id/': 'ALLOW-FROM https://onlinelibrary.wiley.com' is not a recognized directive. The header will be ignored. @ https://onlinelibrary-wiley-com.ezproxy.ugm.ac.id/doi/pdfdirect/10.1111/corg.70008:0
[   23898ms] [ERROR] Failed to load resource: the server responded with a status of 404 (Not Found) @ https://onlinelibrary-wiley-com.ezproxy.ugm.ac.id/action/connectTeaserInfo:0
[   23898ms] [ERROR] Failed to fetch user info: 404 Not Found @ https://onlinelibrary-wiley-com.ezproxy.ugm.ac.id/wro/f5e7ffe6d6d1192a4defdde88dc425c93326c6ed~product.js:253
[   24246ms] [LOG] Cookie blocked: _uetsid @ https://onlinelibrary-wiley-com.ezproxy.ugm.ac.id/doi/pdf/10.1111/corg.70008:136
[   24248ms] [LOG] Cookie blocked: _uetsid @ https://onlinelibrary-wiley-com.ezproxy.ugm.ac.id/doi/pdf/10.1111/corg.70008:136
[   24249ms] [LOG] Cookie blocked: _uetsid @ https://onlinelibrary-wiley-com.ezproxy.ugm.ac.id/doi/pdf/10.1111/corg.70008:136
[   24251ms] [LOG] Cookie blocked: _uetsid @ https://onlinelibrary-wiley-com.ezproxy.ugm.ac.id/doi/pdf/10.1111/corg.70008:136
[   24253ms] [LOG] Cookie blocked: _uetsid @ https://onlinelibrary-wiley-com.ezproxy.ugm.ac.id/doi/pdf/10.1111/corg.70008:136
[   24276ms] [LOG] Cookie blocked: _uetsid @ https://onlinelibrary-wiley-com.ezproxy.ugm.ac.id/doi/pdf/10.1111/corg.70008:136
[   24304ms] [WARNING] [Meta pixel] 263124174624252 is unavailable on this website due to it's traffic permission settings. Go to https://www.facebook.com/business/help/572690630080597 to learn more. @ https://connect.facebook.net/en_US/fbevents.js:181
[   24323ms] [LOG] Script blocked: https://www.clarity.ms/tag/uet/134596254 @ https://onlinelibrary-wiley-com.ezproxy.ugm.ac.id/doi/pdf/10.1111/corg.70008:133
[   24325ms] [LOG] Script blocked: https://www.clarity.ms/tag/uet/134596254 @ https://onlinelibrary-wiley-com.ezproxy.ugm.ac.id/doi/pdf/10.1111/corg.70008:133
[   24474ms] [WARNING] [Meta Pixel] - Removed parameters from custom data due to potential violations. Go to Events Manager to learn more. @ https://connect.facebook.net/en_US/fbevents.js:181
[   24474ms] [WARNING] [Meta pixel] 263124174624252 is unavailable on this website due to it's traffic permission settings. Go to https://www.facebook.com/business/help/572690630080597 to learn more. @ https://connect.facebook.net/en_US/fbevents.js:181
[   24556ms] [LOG] Cookie blocked: _twpid @ https://onlinelibrary-wiley-com.ezproxy.ugm.ac.id/doi/pdf/10.1111/corg.70008:136
[   24558ms] [LOG] Cookie blocked: _twpid @ https://onlinelibrary-wiley-com.ezproxy.ugm.ac.id/doi/pdf/10.1111/corg.70008:136
[   24560ms] [LOG] Cookie blocked: _twpid @ https://onlinelibrary-wiley-com.ezproxy.ugm.ac.id/doi/pdf/10.1111/corg.70008:136
[   24562ms] [LOG] Cookie blocked: _twpid @ https://onlinelibrary-wiley-com.ezproxy.ugm.ac.id/doi/pdf/10.1111/corg.70008:136
[   27764ms] [LOG] Script blocked: https://content.wiley.com/analytics?ver=3&visitor_id=&visitor_id_sign=&pi_opt_in=&campaign_id=null&account_id=1116643&title=The%20Myths%20of%20Blockchain%20Governance%20-%20Ferreira%20-%202026%20-%20Corporate%20Governance%3A%20An%20International%20Review%20-%20Wiley%20Online%20Library&url=https%3A%2F%2Fonlinelibrary-wiley-com.ezproxy.ugm.ac.id%2Fdoi%2Fpdf%2F10.1111%2Fcorg.70008&referrer=https%3A%2F%2Fonlinelibrary-wiley-com.ezproxy.ugm.ac.id%2Fdoi%2F10.1111%2Fcorg.70008 @ https://onlinelibrary-wiley-com.ezproxy.ugm.ac.id/doi/pdf/10.1111/corg.70008:133
[   27766ms] [LOG] Script blocked: https://content.wiley.com/analytics?ver=3&visitor_id=&visitor_id_sign=&pi_opt_in=&campaign_id=null&account_id=1116643&title=The%20Myths%20of%20Blockchain%20Governance%20-%20Ferreira%20-%202026%20-%20Corporate%20Governance%3A%20An%20International%20Review%20-%20Wiley%20Online%20Library&url=https%3A%2F%2Fonlinelibrary-wiley-com.ezproxy.ugm.ac.id%2Fdoi%2Fpdf%2F10.1111%2Fcorg.70008&referrer=https%3A%2F%2Fonlinelibrary-wiley-com.ezproxy.ugm.ac.id%2Fdoi%2F10.1111%2Fcorg.70008 @ https://onlinelibrary-wiley-com.ezproxy.ugm.ac.id/doi/pdf/10.1111/corg.70008:133
[   33044ms] [WARNING] The resource https://onlinelibrary-wiley-com.ezproxy.ugm.ac.id/products/acropolis/pericles/releasedAssets/fonts/open-sans/open-sans-v15-latin-regular-87a454b233bedae23f8d1be11e8b4f68.woff was preloaded using link preload but not used within a few seconds from the window's load event. Please make sure it has an appropriate `as` value and it is preloaded intentionally. @ https://onlinelibrary-wiley-com.ezproxy.ugm.ac.id/doi/pdf/10.1111/corg.70008:0
[   33044ms] [WARNING] The resource https://onlinelibrary-wiley-com.ezproxy.ugm.ac.id/products/acropolis/pericles/releasedAssets/fonts/open-sans/open-sans-v15-latin-700italic-aff641ffb783d3346c2a56316eb86fea.woff2 was preloaded using link preload but not used within a few seconds from the window's load event. Please make sure it has an appropriate `as` value and it is preloaded intentionally. @ https://onlinelibrary-wiley-com.ezproxy.ugm.ac.id/doi/pdf/10.1111/corg.70008:0
[   33044ms] [WARNING] The resource https://onlinelibrary-wiley-com.ezproxy.ugm.ac.id/products/acropolis/pericles/releasedAssets/fonts/source-serif-pro/source-serif-pro-v5-latin-600-c499fba2e89b590ea2e845c08766668b.woff2 was preloaded using link preload but not used within a few seconds from the window's load event. Please make sure it has an appropriate `as` value and it is preloaded intentionally. @ https://onlinelibrary-wiley-com.ezproxy.ugm.ac.id/doi/pdf/10.1111/corg.70008:0
[   33044ms] [WARNING] The resource https://onlinelibrary-wiley-com.ezproxy.ugm.ac.id/products/acropolis/pericles/releasedAssets/fonts/open-sans/open-sans-v15-latin-italic-30e38142e06c4c0ee948fc7d851ad780.woff2 was preloaded using link preload but not used within a few seconds from the window's load event. Please make sure it has an appropriate `as` value and it is preloaded intentionally. @ https://onlinelibrary-wiley-com.ezproxy.ugm.ac.id/doi/pdf/10.1111/corg.70008:0
[   33044ms] [WARNING] The resource https://onlinelibrary-wiley-com.ezproxy.ugm.ac.id/products/acropolis/pericles/releasedAssets/fonts/open-sans/open-sans-v29-latin-ext-regular-ccfa20f8de7f73249c39bd9b206e0b3b.woff2 was preloaded using link preload but not used within a few seconds from the window's load event. Please make sure it has an appropriate `as` value and it is preloaded intentionally. @ https://onlinelibrary-wiley-com.ezproxy.ugm.ac.id/doi/pdf/10.1111/corg.70008:0
[   33044ms] [WARNING] The resource https://onlinelibrary-wiley-com.ezproxy.ugm.ac.id/products/acropolis/pericles/releasedAssets/fonts/open-sans/open-sans-v29-latin-ext-italic-2b6b4e6c5b21536d981f80949b396264.woff2 was preloaded using link preload but not used within a few seconds from the window's load event. Please make sure it has an appropriate `as` value and it is preloaded intentionally. @ https://onlinelibrary-wiley-com.ezproxy.ugm.ac.id/doi/pdf/10.1111/corg.70008:0
[   33044ms] [WARNING] The resource https://onlinelibrary-wiley-com.ezproxy.ugm.ac.id/products/acropolis/pericles/releasedAssets/fonts/open-sans/open-sans-v29-latin-ext-300-53a72308edae8f52dfe45352d474466f.woff2 was preloaded using link preload but not used within a few seconds from the window's load event. Please make sure it has an appropriate `as` value and it is preloaded intentionally. @ https://onlinelibrary-wiley-com.ezproxy.ugm.ac.id/doi/pdf/10.1111/corg.70008:0
[   33044ms] [WARNING] The resource https://onlinelibrary-wiley-com.ezproxy.ugm.ac.id/products/acropolis/pericles/releasedAssets/fonts/open-sans/open-sans-v15-latin-800italic-6d6776db88bc05414be342f8c8ee6ad9.woff2 was preloaded using link preload but not used within a few seconds from the window's load event. Please make sure it has an appropriate `as` value and it is preloaded intentionally. @ https://onlinelibrary-wiley-com.ezproxy.ugm.ac.id/doi/pdf/10.1111/corg.70008:0
[   33044ms] [WARNING] The resource https://onlinelibrary-wiley-com.ezproxy.ugm.ac.id/products/acropolis/pericles/releasedAssets/fonts/open-sans/open-sans-v34-latin-ext-300italic-b89e08a52a38d3a5fa12b265ef1799e4.woff2 was preloaded using link preload but not used within a few seconds from the window's load event. Please make sure it has an appropriate `as` value and it is preloaded intentionally. @ https://onlinelibrary-wiley-com.ezproxy.ugm.ac.id/doi/pdf/10.1111/corg.70008:0
[   33044ms] [WARNING] The resource https://onlinelibrary-wiley-com.ezproxy.ugm.ac.id/products/acropolis/pericles/releasedAssets/fonts/open-sans/open-sans-v29-latin-ext-600italic-21d098b9bf85845fdaac6c732e6c94de.woff2 was preloaded using link preload but not used within a few seconds from the window's load event. Please make sure it has an appropriate `as` value and it is preloaded intentionally. @ https://onlinelibrary-wiley-com.ezproxy.ugm.ac.id/doi/pdf/10.1111/corg.70008:0
[   33044ms] [WARNING] The resource https://onlinelibrary-wiley-com.ezproxy.ugm.ac.id/products/acropolis/pericles/releasedAssets/fonts/open-sans/open-sans-v15-latin-300-f2ebdee8c2343f558a0221d276957606.woff2 was preloaded using link preload but not used within a few seconds from the window's load event. Please make sure it has an appropriate `as` value and it is preloaded intentionally. @ https://onlinelibrary-wiley-com.ezproxy.ugm.ac.id/doi/pdf/10.1111/corg.70008:0
[   33044ms] [WARNING] The resource https://onlinelibrary-wiley-com.ezproxy.ugm.ac.id/products/acropolis/pericles/releasedAssets/fonts/open-sans/open-sans-v29-latin-ext-600-5ea434b2a50014495a3280ca861d474d.woff2 was preloaded using link preload but not used within a few seconds from the window's load event. Please make sure it has an appropriate `as` value and it is preloaded intentionally. @ https://onlinelibrary-wiley-com.ezproxy.ugm.ac.id/doi/pdf/10.1111/corg.70008:0
[   33044ms] [WARNING] The resource https://onlinelibrary-wiley-com.ezproxy.ugm.ac.id/products/acropolis/pericles/releasedAssets/fonts/open-sans/open-sans-v34-latin-ext-600italic-0c935711cfb2e1e8f22ec36a8ccfafb2.woff2 was preloaded using link preload but not used within a few seconds from the window's load event. Please make sure it has an appropriate `as` value and it is preloaded intentionally. @ https://onlinelibrary-wiley-com.ezproxy.ugm.ac.id/doi/pdf/10.1111/corg.70008:0
[   33044ms] [WARNING] The resource https://onlinelibrary-wiley-com.ezproxy.ugm.ac.id/products/acropolis/pericles/releasedAssets/fonts/open-sans/open-sans-v34-latin-ext-italic-3e38a3ad85a9d7971ef16a1e8a3f2e7f.woff2 was preloaded using link preload but not used within a few seconds from the window's load event. Please make sure it has an appropriate `as` value and it is preloaded intentionally. @ https://onlinelibrary-wiley-com.ezproxy.ugm.ac.id/doi/pdf/10.1111/corg.70008:0
[   33044ms] [WARNING] The resource https://onlinelibrary-wiley-com.ezproxy.ugm.ac.id/products/acropolis/pericles/releasedAssets/fonts/open-sans/open-sans-v15-latin-600italic-fe6c0e0a84eb03400dc58528fcdaad00.woff2 was preloaded using link preload but not used within a few seconds from the window's load event. Please make sure it has an appropriate `as` value and it is preloaded intentionally. @ https://onlinelibrary-wiley-com.ezproxy.ugm.ac.id/doi/pdf/10.1111/corg.70008:0
[   33045ms] [WARNING] The resource https://onlinelibrary-wiley-com.ezproxy.ugm.ac.id/products/acropolis/pericles/releasedAssets/fonts/open-sans/open-sans-v34-latin-ext-600-d985c84909eb941bc635fa8524d08f55.woff2 was preloaded using link preload but not used within a few seconds from the window's load event. Please make sure it has an appropriate `as` value and it is preloaded intentionally. @ https://onlinelibrary-wiley-com.ezproxy.ugm.ac.id/doi/pdf/10.1111/corg.70008:0
[   33045ms] [WARNING] The resource https://onlinelibrary-wiley-com.ezproxy.ugm.ac.id/products/acropolis/pericles/releasedAssets/fonts/open-sans/open-sans-v29-latin-ext-300italic-3db9f2e1daaac364a9a5be78d0293585.woff2 was preloaded using link preload but not used within a few seconds from the window's load event. Please make sure it has an appropriate `as` value and it is preloaded intentionally. @ https://onlinelibrary-wiley-com.ezproxy.ugm.ac.id/doi/pdf/10.1111/corg.70008:0
[   33045ms] [WARNING] The resource https://onlinelibrary-wiley-com.ezproxy.ugm.ac.id/products/acropolis/pericles/releasedAssets/fonts/open-sans/open-sans-v15-latin-700-7435e6c2064f36f486266e516e9838b8.woff2 was preloaded using link preload but not used within a few seconds from the window's load event. Please make sure it has an appropriate `as` value and it is preloaded intentionally. @ https://onlinelibrary-wiley-com.ezproxy.ugm.ac.id/doi/pdf/10.1111/corg.70008:0
[   33045ms] [WARNING] The resource https://onlinelibrary-wiley-com.ezproxy.ugm.ac.id/products/acropolis/pericles/releasedAssets/fonts/open-sans/open-sans-v15-latin-600-27152396a129082ada86fd6444b9ad4b.woff2 was preloaded using link preload but not used within a few seconds from the window's load event. Please make sure it has an appropriate `as` value and it is preloaded intentionally. @ https://onlinelibrary-wiley-com.ezproxy.ugm.ac.id/doi/pdf/10.1111/corg.70008:0
[   33045ms] [WARNING] The resource https://onlinelibrary-wiley-com.ezproxy.ugm.ac.id/products/acropolis/pericles/releasedAssets/fonts/open-sans/open-sans-v15-latin-800-3b2da54475cee88b1387631ce1eb8599.woff2 was preloaded using link preload but not used within a few seconds from the window's load event. Please make sure it has an appropriate `as` value and it is preloaded intentionally. @ https://onlinelibrary-wiley-com.ezproxy.ugm.ac.id/doi/pdf/10.1111/corg.70008:0
[   33045ms] [WARNING] The resource https://onlinelibrary-wiley-com.ezproxy.ugm.ac.id/products/acropolis/pericles/releasedAssets/fonts/source-serif-pro/source-serif-pro-v5-latin-regular-80b2da76a0438320789aa7091b21055a.woff2 was preloaded using link preload but not used within a few seconds from the window's load event. Please make sure it has an appropriate `as` value and it is preloaded intentionally. @ https://onlinelibrary-wiley-com.ezproxy.ugm.ac.id/doi/pdf/10.1111/corg.70008:0
[   33045ms] [WARNING] The resource https://onlinelibrary-wiley-com.ezproxy.ugm.ac.id/products/acropolis/pericles/releasedAssets/fonts/open-sans/open-sans-v15-latin-300italic-f87536f8fce296ba6c4205276423d1f8.woff2 was preloaded using link preload but not used within a few seconds from the window's load event. Please make sure it has an appropriate `as` value and it is preloaded intentionally. @ https://onlinelibrary-wiley-com.ezproxy.ugm.ac.id/doi/pdf/10.1111/corg.70008:0
[   33045ms] [WARNING] The resource https://onlinelibrary-wiley-com.ezproxy.ugm.ac.id/products/acropolis/pericles/releasedAssets/fonts/open-sans/open-sans-v34-latin-ext-300-c02b27b95119783b496326ecb22cc429.woff2 was preloaded using link preload but not used within a few seconds from the window's load event. Please make sure it has an appropriate `as` value and it is preloaded intentionally. @ https://onlinelibrary-wiley-com.ezproxy.ugm.ac.id/doi/pdf/10.1111/corg.70008:0
[   33045ms] [WARNING] The resource https://onlinelibrary-wiley-com.ezproxy.ugm.ac.id/products/acropolis/pericles/releasedAssets/fonts/source-serif-pro/source-serif-pro-v5-latin-700-de41b2bc81b8d395f1ede0f357968cb0.woff2 was preloaded using link preload but not used within a few seconds from the window's load event. Please make sure it has an appropriate `as` value and it is preloaded intentionally. @ https://onlinelibrary-wiley-com.ezproxy.ugm.ac.id/doi/pdf/10.1111/corg.70008:0
[   57421ms] [WARNING] The resource https://onlinelibrary-wiley-com.ezproxy.ugm.ac.id/products/acropolis/pericles/releasedAssets/fonts/open-sans/open-sans-v15-latin-regular-87a454b233bedae23f8d1be11e8b4f68.woff was preloaded using link preload but not used within a few seconds from the window's load event. Please make sure it has an appropriate `as` value and it is preloaded intentionally. @ https://onlinelibrary-wiley-com.ezproxy.ugm.ac.id/doi/pdf/10.1111/corg.70008:0
[   57421ms] [WARNING] The resource https://onlinelibrary-wiley-com.ezproxy.ugm.ac.id/products/acropolis/pericles/releasedAssets/fonts/open-sans/open-sans-v15-latin-700italic-aff641ffb783d3346c2a56316eb86fea.woff2 was preloaded using link preload but not used within a few seconds from the window's load event. Please make sure it has an appropriate `as` value and it is preloaded intentionally. @ https://onlinelibrary-wiley-com.ezproxy.ugm.ac.id/doi/pdf/10.1111/corg.70008:0
[   57421ms] [WARNING] The resource https://onlinelibrary-wiley-com.ezproxy.ugm.ac.id/products/acropolis/pericles/releasedAssets/fonts/source-serif-pro/source-serif-pro-v5-latin-600-c499fba2e89b590ea2e845c08766668b.woff2 was preloaded using link preload but not used within a few seconds from the window's load event. Please make sure it has an appropriate `as` value and it is preloaded intentionally. @ https://onlinelibrary-wiley-com.ezproxy.ugm.ac.id/doi/pdf/10.1111/corg.70008:0
[   57421ms] [WARNING] The resource https://onlinelibrary-wiley-com.ezproxy.ugm.ac.id/products/acropolis/pericles/releasedAssets/fonts/open-sans/open-sans-v15-latin-italic-30e38142e06c4c0ee948fc7d851ad780.woff2 was preloaded using link preload but not used within a few seconds from the window's load event. Please make sure it has an appropriate `as` value and it is preloaded intentionally. @ https://onlinelibrary-wiley-com.ezproxy.ugm.ac.id/doi/pdf/10.1111/corg.70008:0
[   57421ms] [WARNING] The resource https://onlinelibrary-wiley-com.ezproxy.ugm.ac.id/products/acropolis/pericles/releasedAssets/fonts/open-sans/open-sans-v29-latin-ext-regular-ccfa20f8de7f73249c39bd9b206e0b3b.woff2 was preloaded using link preload but not used within a few seconds from the window's load event. Please make sure it has an appropriate `as` value and it is preloaded intentionally. @ https://onlinelibrary-wiley-com.ezproxy.ugm.ac.id/doi/pdf/10.1111/corg.70008:0
[   57421ms] [WARNING] The resource https://onlinelibrary-wiley-com.ezproxy.ugm.ac.id/products/acropolis/pericles/releasedAssets/fonts/open-sans/open-sans-v29-latin-ext-italic-2b6b4e6c5b21536d981f80949b396264.woff2 was preloaded using link preload but not used within a few seconds from the window's load event. Please make sure it has an appropriate `as` value and it is preloaded intentionally. @ https://onlinelibrary-wiley-com.ezproxy.ugm.ac.id/doi/pdf/10.1111/corg.70008:0
[   57421ms] [WARNING] The resource https://onlinelibrary-wiley-com.ezproxy.ugm.ac.id/products/acropolis/pericles/releasedAssets/fonts/open-sans/open-sans-v29-latin-ext-300-53a72308edae8f52dfe45352d474466f.woff2 was preloaded using link preload but not used within a few seconds from the window's load event. Please make sure it has an appropriate `as` value and it is preloaded intentionally. @ https://onlinelibrary-wiley-com.ezproxy.ugm.ac.id/doi/pdf/10.1111/corg.70008:0
[   57421ms] [WARNING] The resource https://onlinelibrary-wiley-com.ezproxy.ugm.ac.id/products/acropolis/pericles/releasedAssets/fonts/open-sans/open-sans-v15-latin-800italic-6d6776db88bc05414be342f8c8ee6ad9.woff2 was preloaded using link preload but not used within a few seconds from the window's load event. Please make sure it has an appropriate `as` value and it is preloaded intentionally. @ https://onlinelibrary-wiley-com.ezproxy.ugm.ac.id/doi/pdf/10.1111/corg.70008:0
[   57421ms] [WARNING] The resource https://onlinelibrary-wiley-com.ezproxy.ugm.ac.id/products/acropolis/pericles/releasedAssets/fonts/open-sans/open-sans-v34-latin-ext-300italic-b89e08a52a38d3a5fa12b265ef1799e4.woff2 was preloaded using link preload but not used within a few seconds from the window's load event. Please make sure it has an appropriate `as` value and it is preloaded intentionally. @ https://onlinelibrary-wiley-com.ezproxy.ugm.ac.id/doi/pdf/10.1111/corg.70008:0
[   57421ms] [WARNING] The resource https://onlinelibrary-wiley-com.ezproxy.ugm.ac.id/products/acropolis/pericles/releasedAssets/fonts/open-sans/open-sans-v29-latin-ext-600italic-21d098b9bf85845fdaac6c732e6c94de.woff2 was preloaded using link preload but not used within a few seconds from the window's load event. Please make sure it has an appropriate `as` value and it is preloaded intentionally. @ https://onlinelibrary-wiley-com.ezproxy.ugm.ac.id/doi/pdf/10.1111/corg.70008:0
[   57421ms] [WARNING] The resource https://onlinelibrary-wiley-com.ezproxy.ugm.ac.id/products/acropolis/pericles/releasedAssets/fonts/open-sans/open-sans-v15-latin-300-f2ebdee8c2343f558a0221d276957606.woff2 was preloaded using link preload but not used within a few seconds from the window's load event. Please make sure it has an appropriate `as` value and it is preloaded intentionally. @ https://onlinelibrary-wiley-com.ezproxy.ugm.ac.id/doi/pdf/10.1111/corg.70008:0
[   57421ms] [WARNING] The resource https://onlinelibrary-wiley-com.ezproxy.ugm.ac.id/products/acropolis/pericles/releasedAssets/fonts/open-sans/open-sans-v29-latin-ext-600-5ea434b2a50014495a3280ca861d474d.woff2 was preloaded using link preload but not used within a few seconds from the window's load event. Please make sure it has an appropriate `as` value and it is preloaded intentionally. @ https://onlinelibrary-wiley-com.ezproxy.ugm.ac.id/doi/pdf/10.1111/corg.70008:0
[   57421ms] [WARNING] The resource https://onlinelibrary-wiley-com.ezproxy.ugm.ac.id/products/acropolis/pericles/releasedAssets/fonts/open-sans/open-sans-v34-latin-ext-600italic-0c935711cfb2e1e8f22ec36a8ccfafb2.woff2 was preloaded using link preload but not used within a few seconds from the window's load event. Please make sure it has an appropriate `as` value and it is preloaded intentionally. @ https://onlinelibrary-wiley-com.ezproxy.ugm.ac.id/doi/pdf/10.1111/corg.70008:0
[   57421ms] [WARNING] The resource https://onlinelibrary-wiley-com.ezproxy.ugm.ac.id/products/acropolis/pericles/releasedAssets/fonts/open-sans/open-sans-v34-latin-ext-italic-3e38a3ad85a9d7971ef16a1e8a3f2e7f.woff2 was preloaded using link preload but not used within a few seconds from the window's load event. Please make sure it has an appropriate `as` value and it is preloaded intentionally. @ https://onlinelibrary-wiley-com.ezproxy.ugm.ac.id/doi/pdf/10.1111/corg.70008:0
[   57421ms] [WARNING] The resource https://onlinelibrary-wiley-com.ezproxy.ugm.ac.id/products/acropolis/pericles/releasedAssets/fonts/open-sans/open-sans-v15-latin-600italic-fe6c0e0a84eb03400dc58528fcdaad00.woff2 was preloaded using link preload but not used within a few seconds from the window's load event. Please make sure it has an appropriate `as` value and it is preloaded intentionally. @ https://onlinelibrary-wiley-com.ezproxy.ugm.ac.id/doi/pdf/10.1111/corg.70008:0
[   57421ms] [WARNING] The resource https://onlinelibrary-wiley-com.ezproxy.ugm.ac.id/products/acropolis/pericles/releasedAssets/fonts/open-sans/open-sans-v34-latin-ext-600-d985c84909eb941bc635fa8524d08f55.woff2 was preloaded using link preload but not used within a few seconds from the window's load event. Please make sure it has an appropriate `as` value and it is preloaded intentionally. @ https://onlinelibrary-wiley-com.ezproxy.ugm.ac.id/doi/pdf/10.1111/corg.70008:0
[   57421ms] [WARNING] The resource https://onlinelibrary-wiley-com.ezproxy.ugm.ac.id/products/acropolis/pericles/releasedAssets/fonts/open-sans/open-sans-v29-latin-ext-300italic-3db9f2e1daaac364a9a5be78d0293585.woff2 was preloaded using link preload but not used within a few seconds from the window's load event. Please make sure it has an appropriate `as` value and it is preloaded intentionally. @ https://onlinelibrary-wiley-com.ezproxy.ugm.ac.id/doi/pdf/10.1111/corg.70008:0
[   57421ms] [WARNING] The resource https://onlinelibrary-wiley-com.ezproxy.ugm.ac.id/products/acropolis/pericles/releasedAssets/fonts/open-sans/open-sans-v15-latin-700-7435e6c2064f36f486266e516e9838b8.woff2 was preloaded using link preload but not used within a few seconds from the window's load event. Please make sure it has an appropriate `as` value and it is preloaded intentionally. @ https://onlinelibrary-wiley-com.ezproxy.ugm.ac.id/doi/pdf/10.1111/corg.70008:0
[   57421ms] [WARNING] The resource https://onlinelibrary-wiley-com.ezproxy.ugm.ac.id/products/acropolis/pericles/releasedAssets/fonts/open-sans/open-sans-v15-latin-600-27152396a129082ada86fd6444b9ad4b.woff2 was preloaded using link preload but not used within a few seconds from the window's load event. Please make sure it has an appropriate `as` value and it is preloaded intentionally. @ https://onlinelibrary-wiley-com.ezproxy.ugm.ac.id/doi/pdf/10.1111/corg.70008:0
[   57421ms] [WARNING] The resource https://onlinelibrary-wiley-com.ezproxy.ugm.ac.id/products/acropolis/pericles/releasedAssets/fonts/open-sans/open-sans-v15-latin-800-3b2da54475cee88b1387631ce1eb8599.woff2 was preloaded using link preload but not used within a few seconds from the window's load event. Please make sure it has an appropriate `as` value and it is preloaded intentionally. @ https://onlinelibrary-wiley-com.ezproxy.ugm.ac.id/doi/pdf/10.1111/corg.70008:0
[   57421ms] [WARNING] The resource https://onlinelibrary-wiley-com.ezproxy.ugm.ac.id/products/acropolis/pericles/releasedAssets/fonts/source-serif-pro/source-serif-pro-v5-latin-regular-80b2da76a0438320789aa7091b21055a.woff2 was preloaded using link preload but not used within a few seconds from the window's load event. Please make sure it has an appropriate `as` value and it is preloaded intentionally. @ https://onlinelibrary-wiley-com.ezproxy.ugm.ac.id/doi/pdf/10.1111/corg.70008:0
[   57421ms] [WARNING] The resource https://onlinelibrary-wiley-com.ezproxy.ugm.ac.id/products/acropolis/pericles/releasedAssets/fonts/open-sans/open-sans-v15-latin-300italic-f87536f8fce296ba6c4205276423d1f8.woff2 was preloaded using link preload but not used within a few seconds from the window's load event. Please make sure it has an appropriate `as` value and it is preloaded intentionally. @ https://onlinelibrary-wiley-com.ezproxy.ugm.ac.id/doi/pdf/10.1111/corg.70008:0
[   57421ms] [WARNING] The resource https://onlinelibrary-wiley-com.ezproxy.ugm.ac.id/products/acropolis/pericles/releasedAssets/fonts/open-sans/open-sans-v34-latin-ext-300-c02b27b95119783b496326ecb22cc429.woff2 was preloaded using link preload but not used within a few seconds from the window's load event. Please make sure it has an appropriate `as` value and it is preloaded intentionally. @ https://onlinelibrary-wiley-com.ezproxy.ugm.ac.id/doi/pdf/10.1111/corg.70008:0
[   57421ms] [WARNING] The resource https://onlinelibrary-wiley-com.ezproxy.ugm.ac.id/products/acropolis/pericles/releasedAssets/fonts/source-serif-pro/source-serif-pro-v5-latin-700-de41b2bc81b8d395f1ede0f357968cb0.woff2 was preloaded using link preload but not used within a few seconds from the window's load event. Please make sure it has an appropriate `as` value and it is preloaded intentionally. @ https://onlinelibrary-wiley-com.ezproxy.ugm.ac.id/doi/pdf/10.1111/corg.70008:0
